<?xml version="1.0" encoding="UTF-8"?>
<!-- Generated by org.testng.reporters.JUnitXMLReporter -->
<testsuite ignored="3" hostname="Shubham" failures="0" tests="1" name="Default test" time="19.797" errors="0" timestamp="2024-11-27T09:20:42 IST">
  <testcase classname="com.app.testCases.TestCases" name="verifyHomePage" time="0.021"/>
  <testcase classname="com.app.testCases.TestCases" name="selectCPR" time="0.0">
    <ignored/>
  </testcase> <!-- selectCPR -->
  <testcase classname="com.app.testCases.TestCases" name="scrollDownButton" time="0.0">
    <ignored/>
  </testcase> <!-- scrollDownButton -->
  <testcase classname="com.app.testCases.TestCases" name="verifyRevCalPage" time="0.0">
    <ignored/>
  </testcase> <!-- verifyRevCalPage -->
</testsuite> <!-- Default test -->
