<?xml version="1.0" encoding="UTF-8"?>
<!-- Generated by org.testng.reporters.JUnitXMLReporter -->
<testsuite ignored="0" hostname="Shubham" failures="0" tests="4" name="Test" time="13.648" errors="0" timestamp="2024-11-27T22:47:03 IST">
  <testcase classname="com.app.testCases.TestCases" name="verifyHomePage" time="0.022"/>
  <testcase classname="com.app.testCases.TestCases" name="verifyRevCalPage" time="0.93"/>
  <testcase classname="com.app.testCases.TestCases" name="scrollDownButton" time="11.787"/>
  <testcase classname="com.app.testCases.TestCases" name="selectCPR" time="0.831"/>
</testsuite> <!-- Test -->
