<?xml version="1.0" encoding="UTF-8"?>
<testng-results ignored="0" total="4" passed="4" failed="0" skipped="0">
  <reporter-output>
  </reporter-output>
  <suite started-at="2024-11-27T22:46:49 IST" name="Suite" finished-at="2024-11-27T22:47:03 IST" duration-ms="13648">
    <groups>
    </groups>
    <test started-at="2024-11-27T22:46:49 IST" name="Test" finished-at="2024-11-27T22:47:03 IST" duration-ms="13648">
      <class name="com.app.testCases.TestCases">
        <test-method is-config="true" signature="setup()[pri:0, instance:com.app.testCases.TestCases@5f049ea1]" started-at="2024-11-27T22:46:41 IST" name="setup" finished-at="2024-11-27T22:46:49 IST" duration-ms="7815" status="PASS">
          <reporter-output>
          </reporter-output>
        </test-method> <!-- setup -->
        <test-method signature="verifyHomePage()[pri:0, instance:com.app.testCases.TestCases@5f049ea1]" started-at="2024-11-27T22:46:49 IST" name="verifyHomePage" finished-at="2024-11-27T22:46:49 IST" duration-ms="22" status="PASS">
          <reporter-output>
          </reporter-output>
        </test-method> <!-- verifyHomePage -->
        <test-method signature="verifyRevCalPage()[pri:0, instance:com.app.testCases.TestCases@5f049ea1]" started-at="2024-11-27T22:46:49 IST" name="verifyRevCalPage" finished-at="2024-11-27T22:46:50 IST" depends-on-methods="com.app.testCases.TestCases.verifyHomePage" duration-ms="930" status="PASS">
          <reporter-output>
          </reporter-output>
        </test-method> <!-- verifyRevCalPage -->
        <test-method signature="scrollDownButton()[pri:0, instance:com.app.testCases.TestCases@5f049ea1]" started-at="2024-11-27T22:46:50 IST" name="scrollDownButton" finished-at="2024-11-27T22:47:02 IST" depends-on-methods="com.app.testCases.TestCases.verifyRevCalPage" duration-ms="11787" status="PASS">
          <reporter-output>
          </reporter-output>
        </test-method> <!-- scrollDownButton -->
        <test-method signature="selectCPR()[pri:0, instance:com.app.testCases.TestCases@5f049ea1]" started-at="2024-11-27T22:47:02 IST" name="selectCPR" finished-at="2024-11-27T22:47:03 IST" depends-on-methods="com.app.testCases.TestCases.scrollDownButton" duration-ms="831" status="PASS">
          <reporter-output>
          </reporter-output>
        </test-method> <!-- selectCPR -->
        <test-method is-config="true" signature="close()[pri:0, instance:com.app.testCases.TestCases@5f049ea1]" started-at="2024-11-27T22:47:03 IST" name="close" finished-at="2024-11-27T22:47:04 IST" duration-ms="1491" status="PASS">
          <reporter-output>
          </reporter-output>
        </test-method> <!-- close -->
      </class> <!-- com.app.testCases.TestCases -->
    </test> <!-- Test -->
  </suite> <!-- Suite -->
</testng-results>
